build/app/intermediates/manifest_merge_blame_file/release/manifest-merger-blame-release-report.txt
1<?xml version="1.0" encoding="utf-8"?>
2<manifest xmlns:android="http://schemas.android.com/apk/res/android"
3    package="com.example.douvery"
4    android:versionCode="1"
5    android:versionName="1.0" >
6
7    <uses-sdk
8        android:minSdkVersion="19"
8-->src\main\AndroidManifest.xml
9        android:targetSdkVersion="31" />
9-->src\main\AndroidManifest.xml
10
11    <uses-permission android:name="android.permission.READ_EXTERNAL_STORAGE" />
11-->[:file_picker] AndroidManifest.xml:9:5-80
11-->[:file_picker] AndroidManifest.xml:9:22-77
12
13    <queries>
13-->[:file_picker] AndroidManifest.xml:11:5-17:15
14        <intent>
14-->[:file_picker] AndroidManifest.xml:12:9-16:18
15            <action android:name="android.intent.action.GET_CONTENT" />
15-->[:file_picker] AndroidManifest.xml:13:13-72
15-->[:file_picker] AndroidManifest.xml:13:21-69
16
17            <data android:mimeType="*/*" />
17-->[:file_picker] AndroidManifest.xml:15:13-44
17-->[:file_picker] AndroidManifest.xml:15:19-41
18        </intent>
19    </queries> <!-- Include required permissions for Google Maps API to run. -->
20    <uses-permission android:name="android.permission.ACCESS_NETWORK_STATE" />
20-->[com.google.android.gms:play-services-maps:17.0.0] AndroidManifest.xml:23:5-79
20-->[com.google.android.gms:play-services-maps:17.0.0] AndroidManifest.xml:23:22-76
21    <uses-permission android:name="android.permission.INTERNET" />
21-->[com.google.android.gms:play-services-maps:17.0.0] AndroidManifest.xml:24:5-67
21-->[com.google.android.gms:play-services-maps:17.0.0] AndroidManifest.xml:24:22-64
22
23    <uses-feature
23-->[com.google.android.gms:play-services-maps:17.0.0] AndroidManifest.xml:26:5-28:35
24        android:glEsVersion="0x00020000"
24-->[com.google.android.gms:play-services-maps:17.0.0] AndroidManifest.xml:27:9-41
25        android:required="true" />
25-->[com.google.android.gms:play-services-maps:17.0.0] AndroidManifest.xml:28:9-32
26
27    <application
28        android:name="android.app.Application"
28-->src\main\AndroidManifest.xml:5:9-42
29        android:appComponentFactory="androidx.core.app.CoreComponentFactory"
29-->[androidx.core:core:1.6.0] AndroidManifest.xml:24:18-86
30        android:icon="@mipmap/ic_launcher"
30-->src\main\AndroidManifest.xml:6:9-43
31        android:label="douvery" >
31-->src\main\AndroidManifest.xml:4:9-32
32        <activity
32-->src\main\AndroidManifest.xml:7:9-27:20
33            android:name="com.example.douvery.MainActivity"
33-->src\main\AndroidManifest.xml:8:13-41
34            android:configChanges="orientation|keyboardHidden|keyboard|screenSize|smallestScreenSize|locale|layoutDirection|fontScale|screenLayout|density|uiMode"
34-->src\main\AndroidManifest.xml:12:13-163
35            android:exported="true"
35-->src\main\AndroidManifest.xml:9:13-36
36            android:hardwareAccelerated="true"
36-->src\main\AndroidManifest.xml:13:13-47
37            android:launchMode="singleTop"
37-->src\main\AndroidManifest.xml:10:13-43
38            android:theme="@style/LaunchTheme"
38-->src\main\AndroidManifest.xml:11:13-47
39            android:windowSoftInputMode="adjustResize" >
39-->src\main\AndroidManifest.xml:14:13-55
40
41            <!--
42                 Specifies an Android theme to apply to this Activity as soon as
43                 the Android process has started. This theme is visible to the user
44                 while the Flutter UI initializes. After that, this theme continues
45                 to determine the Window background behind the Flutter UI.
46            -->
47            <meta-data
47-->src\main\AndroidManifest.xml:19:13-22:17
48                android:name="io.flutter.embedding.android.NormalTheme"
48-->src\main\AndroidManifest.xml:20:15-70
49                android:resource="@style/NormalTheme" />
49-->src\main\AndroidManifest.xml:21:15-52
50
51            <intent-filter>
51-->src\main\AndroidManifest.xml:23:13-26:29
52                <action android:name="android.intent.action.MAIN" />
52-->src\main\AndroidManifest.xml:24:17-68
52-->src\main\AndroidManifest.xml:24:25-66
53
54                <category android:name="android.intent.category.LAUNCHER" />
54-->src\main\AndroidManifest.xml:25:17-76
54-->src\main\AndroidManifest.xml:25:27-74
55            </intent-filter>
56        </activity>
57        <!--
58             Don't delete the meta-data below.
59             This is used by the Flutter tool to generate GeneratedPluginRegistrant.java
60        -->
61        <meta-data
61-->src\main\AndroidManifest.xml:30:9-32:33
62            android:name="flutterEmbedding"
62-->src\main\AndroidManifest.xml:31:13-44
63            android:value="2" />
63-->src\main\AndroidManifest.xml:32:13-30
64        <meta-data
64-->[:pay_android] AndroidManifest.xml:14:9-16:36
65            android:name="com.google.android.gms.wallet.api.enabled"
65-->[:pay_android] AndroidManifest.xml:15:13-69
66            android:value="true" />
66-->[:pay_android] AndroidManifest.xml:16:13-33
67
68        <uses-library
68-->[androidx.window:window:1.0.0-beta04] AndroidManifest.xml:25:9-27:40
69            android:name="androidx.window.extensions"
69-->[androidx.window:window:1.0.0-beta04] AndroidManifest.xml:26:13-54
70            android:required="false" />
70-->[androidx.window:window:1.0.0-beta04] AndroidManifest.xml:27:13-37
71        <uses-library
71-->[androidx.window:window:1.0.0-beta04] AndroidManifest.xml:28:9-30:40
72            android:name="androidx.window.sidecar"
72-->[androidx.window:window:1.0.0-beta04] AndroidManifest.xml:29:13-51
73            android:required="false" /> <!-- Needs to be explicitly declared on P+ -->
73-->[androidx.window:window:1.0.0-beta04] AndroidManifest.xml:30:13-37
74        <uses-library
74-->[com.google.android.gms:play-services-maps:17.0.0] AndroidManifest.xml:33:9-35:40
75            android:name="org.apache.http.legacy"
75-->[com.google.android.gms:play-services-maps:17.0.0] AndroidManifest.xml:34:13-50
76            android:required="false" />
76-->[com.google.android.gms:play-services-maps:17.0.0] AndroidManifest.xml:35:13-37
77
78        <activity
78-->[com.google.android.gms:play-services-base:17.0.0] AndroidManifest.xml:23:9-26:75
79            android:name="com.google.android.gms.common.api.GoogleApiActivity"
79-->[com.google.android.gms:play-services-base:17.0.0] AndroidManifest.xml:24:13-79
80            android:exported="false"
80-->[com.google.android.gms:play-services-base:17.0.0] AndroidManifest.xml:25:13-37
81            android:theme="@android:style/Theme.Translucent.NoTitleBar" />
81-->[com.google.android.gms:play-services-base:17.0.0] AndroidManifest.xml:26:13-72
82
83        <meta-data
83-->[com.google.android.gms:play-services-basement:17.0.0] AndroidManifest.xml:23:9-25:69
84            android:name="com.google.android.gms.version"
84-->[com.google.android.gms:play-services-basement:17.0.0] AndroidManifest.xml:24:13-58
85            android:value="@integer/google_play_services_version" />
85-->[com.google.android.gms:play-services-basement:17.0.0] AndroidManifest.xml:25:13-66
86    </application>
87
88</manifest>